# JRE version: OpenJDK Runtime Environment (11.0.13) (build 11.0.13+0-b1751.21-8125866)
# Java VM: OpenJDK 64-Bit Server VM (11.0.13+0-b1751.21-8125866, mixed mode, tiered, compressed oops, g1 gc, windows-amd64)
Heap:
 garbage-first heap   total 438272K, used 184423K [0x0000000080000000, 0x0000000100000000)
  region size 1024K, 3 young (3072K), 3 survivors (3072K)
 Metaspace       used 106178K, capacity 108771K, committed 109476K, reserved 1144832K
  class space    used 13619K, capacity 14630K, committed 14924K, reserved 1048576K
GC Heap History (20 events):
Event: 11.210 GC heap after
{Heap after GC invocations=26 (full 0):
 garbage-first heap   total 183296K, used 108410K [0x0000000080000000, 0x0000000100000000)
  region size 1024K, 4 young (4096K), 4 survivors (4096K)
 Metaspace       used 94972K, capacity 97085K, committed 98340K, reserved 1134592K
  class space    used 12062K, capacity 12852K, committed 13260K, reserved 1048576K
}
Event: 11.414 GC heap before
{Heap before GC invocations=27 (full 0):
 garbage-first heap   total 183296K, used 153466K [0x0000000080000000, 0x0000000100000000)
  region size 1024K, 49 young (50176K), 4 survivors (4096K)
 Metaspace       used 96036K, capacity 98315K, committed 99236K, reserved 1134592K
  class space    used 12232K, capacity 13049K, committed 13388K, reserved 1048576K
}
Event: 11.418 GC heap after
{Heap after GC invocations=28 (full 0):
 garbage-first heap   total 220160K, used 114090K [0x0000000080000000, 0x0000000100000000)
  region size 1024K, 6 young (6144K), 6 survivors (6144K)
 Metaspace       used 96036K, capacity 98315K, committed 99236K, reserved 1134592K
  class space    used 12232K, capacity 13049K, committed 13388K, reserved 1048576K
}
Event: 11.559 GC heap before
{Heap before GC invocations=28 (full 0):
 garbage-first heap   total 220160K, used 163242K [0x0000000080000000, 0x0000000100000000)
  region size 1024K, 56 young (57344K), 6 survivors (6144K)
 Metaspace       used 97611K, capacity 99911K, committed 100644K, reserved 1136640K
  class space    used 12439K, capacity 13285K, committed 13516K, reserved 1048576K
}
Event: 11.565 GC heap after
{Heap after GC invocations=29 (full 0):
 garbage-first heap   total 220160K, used 123157K [0x0000000080000000, 0x0000000100000000)
  region size 1024K, 8 young (8192K), 8 survivors (8192K)
 Metaspace       used 97611K, capacity 99911K, committed 100644K, reserved 1136640K
  class space    used 12439K, capacity 13285K, committed 13516K, reserved 1048576K
}
Event: 11.757 GC heap before
{Heap before GC invocations=30 (full 0):
 garbage-first heap   total 220160K, used 176405K [0x0000000080000000, 0x0000000100000000)
  region size 1024K, 59 young (60416K), 8 survivors (8192K)
 Metaspace       used 99794K, capacity 102247K, committed 102820K, reserved 1138688K
  class space    used 12757K, capacity 13688K, committed 13900K, reserved 1048576K
}
Event: 11.764 GC heap after
{Heap after GC invocations=31 (full 0):
 garbage-first heap   total 220160K, used 131328K [0x0000000080000000, 0x0000000100000000)
  region size 1024K, 8 young (8192K), 8 survivors (8192K)
 Metaspace       used 99794K, capacity 102247K, committed 102820K, reserved 1138688K
  class space    used 12757K, capacity 13688K, committed 13900K, reserved 1048576K
}
Event: 11.853 GC heap before
{Heap before GC invocations=31 (full 0):
 garbage-first heap   total 220160K, used 177408K [0x0000000080000000, 0x0000000100000000)
  region size 1024K, 53 young (54272K), 8 survivors (8192K)
 Metaspace       used 100836K, capacity 103304K, committed 103716K, reserved 1138688K
  class space    used 12888K, capacity 13826K, committed 14028K, reserved 1048576K
}
Event: 11.863 GC heap after
{Heap after GC invocations=32 (full 0):
 garbage-first heap   total 220160K, used 138146K [0x0000000080000000, 0x0000000100000000)
  region size 1024K, 7 young (7168K), 7 survivors (7168K)
 Metaspace       used 100836K, capacity 103304K, committed 103716K, reserved 1138688K
  class space    used 12888K, capacity 13826K, committed 14028K, reserved 1048576K
}
Event: 11.939 GC heap before
{Heap before GC invocations=32 (full 0):
 garbage-first heap   total 220160K, used 180130K [0x0000000080000000, 0x0000000100000000)
  region size 1024K, 48 young (49152K), 7 survivors (7168K)
 Metaspace       used 101317K, capacity 103769K, committed 104228K, reserved 1140736K
  class space    used 12950K, capacity 13895K, committed 14028K, reserved 1048576K
}
Event: 11.949 GC heap after
{Heap after GC invocations=33 (full 0):
 garbage-first heap   total 220160K, used 146586K [0x0000000080000000, 0x0000000100000000)
  region size 1024K, 6 young (6144K), 6 survivors (6144K)
 Metaspace       used 101317K, capacity 103769K, committed 104228K, reserved 1140736K
  class space    used 12950K, capacity 13895K, committed 14028K, reserved 1048576K
}
Event: 12.046 GC heap before
{Heap before GC invocations=33 (full 0):
 garbage-first heap   total 220160K, used 180378K [0x0000000080000000, 0x0000000100000000)
  region size 1024K, 40 young (40960K), 6 survivors (6144K)
 Metaspace       used 102100K, capacity 104656K, committed 104868K, reserved 1140736K
  class space    used 13065K, capacity 14083K, committed 14156K, reserved 1048576K
}
Event: 12.058 GC heap after
{Heap after GC invocations=34 (full 0):
 garbage-first heap   total 267264K, used 153400K [0x0000000080000000, 0x0000000100000000)
  region size 1024K, 5 young (5120K), 5 survivors (5120K)
 Metaspace       used 102100K, capacity 104656K, committed 104868K, reserved 1140736K
  class space    used 13065K, capacity 14083K, committed 14156K, reserved 1048576K
}
Event: 12.168 GC heap before
{Heap before GC invocations=35 (full 0):
 garbage-first heap   total 267264K, used 205624K [0x0000000080000000, 0x0000000100000000)
  region size 1024K, 56 young (57344K), 5 survivors (5120K)
 Metaspace       used 102932K, capacity 105498K, committed 105764K, reserved 1140736K
  class space    used 13220K, capacity 14254K, committed 14284K, reserved 1048576K
}
Event: 12.178 GC heap after
{Heap after GC invocations=36 (full 0):
 garbage-first heap   total 267264K, used 162728K [0x0000000080000000, 0x0000000100000000)
  region size 1024K, 7 young (7168K), 7 survivors (7168K)
 Metaspace       used 102932K, capacity 105498K, committed 105764K, reserved 1140736K
  class space    used 13220K, capacity 14254K, committed 14284K, reserved 1048576K
}
Event: 12.224 GC heap before
{Heap before GC invocations=36 (full 0):
 garbage-first heap   total 267264K, used 212904K [0x0000000080000000, 0x0000000100000000)
  region size 1024K, 56 young (57344K), 7 survivors (7168K)
 Metaspace       used 103627K, capacity 106241K, committed 106404K, reserved 1140736K
  class space    used 13342K, capacity 14383K, committed 14412K, reserved 1048576K
}
Event: 12.235 GC heap after
{Heap after GC invocations=37 (full 0):
 garbage-first heap   total 267264K, used 172199K [0x0000000080000000, 0x0000000100000000)
  region size 1024K, 7 young (7168K), 7 survivors (7168K)
 Metaspace       used 103627K, capacity 106241K, committed 106404K, reserved 1140736K
  class space    used 13342K, capacity 14383K, committed 14412K, reserved 1048576K
}
Event: 12.321 GC heap before
{Heap before GC invocations=37 (full 0):
 garbage-first heap   total 267264K, used 217255K [0x0000000080000000, 0x0000000100000000)
  region size 1024K, 51 young (52224K), 7 survivors (7168K)
 Metaspace       used 104817K, capacity 107533K, committed 107684K, reserved 1142784K
  class space    used 13535K, capacity 14628K, committed 14668K, reserved 1048576K
}
Event: 12.331 GC heap after
{Heap after GC invocations=38 (full 0):
 garbage-first heap   total 267264K, used 181248K [0x0000000080000000, 0x0000000100000000)
  region size 1024K, 7 young (7168K), 7 survivors (7168K)
 Metaspace       used 104817K, capacity 107533K, committed 107684K, reserved 1142784K
  class space    used 13535K, capacity 14628K, committed 14668K, reserved 1048576K
}
Event: 12.602 GC heap before
{Heap before GC invocations=39 (full 0):
 garbage-first heap   total 267264K, used 221184K [0x0000000080000000, 0x0000000100000000)
  region size 1024K, 46 young (47104K), 7 survivors (7168K)
 Metaspace       used 106178K, capacity 108771K, committed 109476K, reserved 1144832K
  class space    used 13619K, capacity 14630K, committed 14924K, reserved 1048576K
}

